2026-04-14 08:23:37, MOVE, v:1, k:ed@labirinto, mode:EDIT
2026-04-14 08:23:37, MOVE, v:1, k:ed@labirinto, mode:EDIT
2026-04-14 10:12:48, MOVE, v:1, k:eval1@baruel, mode:DOWN
2026-04-14 10:12:49, MOVE, v:1, k:eval1@baruel, mode:PICK
2026-04-14 10:12:57, MOVE, v:1, k:eval1@baruel, mode:BACK
2026-04-14 10:13:29, MOVE, v:1, k:eval1@baruel, mode:PICK
2026-04-14 10:17:23, EXEC, v:1, k:src@go, mode:FREE, size:14
2026-04-14 10:17:35, EXEC, v:1, k:src@go, mode:FREE, size:15
2026-04-14 10:17:55, EXEC, v:1, k:src@go, mode:FREE
2026-04-14 10:18:04, EXEC, v:1, k:src@go, mode:FREE, size:15
2026-04-14 10:18:02, MOVE, v:1, k:eval1@baruel, mode:EDIT
2026-04-14 10:18:02, MOVE, v:1, k:eval1@baruel, mode:EDIT
2026-04-14 10:21:34, EXEC, v:1, k:src@go, mode:FREE, size:26
2026-04-14 10:21:44, EXEC, v:1, k:src@go, mode:FREE, size:26
2026-04-14 10:21:42, MOVE, v:1, k:eval1@baruel, mode:EDIT
2026-04-14 10:21:42, MOVE, v:1, k:eval1@baruel, mode:EDIT
2026-04-14 10:26:50, MOVE, v:1, k:eval1@baruel, mode:EDIT
2026-04-14 10:26:50, MOVE, v:1, k:eval1@baruel, mode:EDIT
2026-04-14 10:30:34, EXEC, v:1, k:src@go, mode:FREE, size:62
2026-04-14 10:30:41, EXEC, v:1, k:eval1@baruel, mode:FULL, rate:0, size:62
2026-04-14 10:30:50, EXEC, v:1, k:eval1@baruel, mode:FULL, rate:0, size:61
2026-04-14 10:31:10, EXEC, v:1, k:eval1@baruel, mode:FULL, rate:0, size:61
2026-04-14 10:31:50, EXEC, v:1, k:eval1@baruel, mode:FULL, rate:0, size:61
2026-04-14 10:33:24, EXEC, v:1, k:eval1@baruel, mode:FULL, rate:0, size:67
2026-04-14 10:33:20, MOVE, v:1, k:eval1@baruel, mode:EDIT
2026-04-14 10:33:20, MOVE, v:1, k:eval1@baruel, mode:EDIT
2026-04-14 10:33:53, EXEC, v:1, k:eval1@baruel, mode:FULL, rate:0, size:67
2026-04-14 10:36:14, EXEC, v:1, k:eval1@baruel, mode:FULL, rate:50, size:77
2026-04-14 10:37:17, EXEC, v:1, k:eval1@baruel, mode:FULL, rate:0, size:73
2026-04-14 10:38:07, EXEC, v:1, k:eval1@baruel, mode:FULL, rate:50, size:78
2026-04-14 10:38:20, EXEC, v:1, k:eval1@baruel, mode:FULL, rate:50, size:78
2026-04-14 10:38:18, MOVE, v:1, k:eval1@baruel, mode:EDIT
2026-04-14 10:38:18, MOVE, v:1, k:eval1@baruel, mode:EDIT
2026-04-14 10:40:07, EXEC, v:1, k:eval1@baruel, mode:FULL, rate:50, size:77
2026-04-14 10:40:35, EXEC, v:1, k:src@go, mode:FREE, size:75
2026-04-14 10:40:37, EXEC, v:1, k:eval1@baruel, mode:FULL, rate:0, size:75
2026-04-14 10:41:01, EXEC, v:1, k:eval1@baruel, mode:FULL, rate:0, size:75
2026-04-14 10:41:37, EXEC, v:1, k:eval1@baruel, mode:FULL, rate:0, size:78
2026-04-14 10:41:46, EXEC, v:1, k:eval1@baruel, mode:FULL, rate:0, size:78
2026-04-14 10:41:51, EXEC, v:1, k:eval1@baruel, mode:FULL, rate:50, size:78
2026-04-14 10:41:59, EXEC, v:1, k:eval1@baruel, mode:FULL, rate:50, size:78
2026-04-14 10:42:48, EXEC, v:1, k:eval1@baruel, mode:FULL, rate:50, size:79
2026-04-14 10:42:50, EXEC, v:1, k:eval1@baruel, mode:FULL, rate:50
2026-04-14 10:43:26, MOVE, v:1, k:eval1@baruel, mode:EDIT
2026-04-14 10:43:26, MOVE, v:1, k:eval1@baruel, mode:EDIT
2026-04-14 10:44:34, EXEC, v:1, k:eval1@baruel, mode:FULL, rate:50, size:78
2026-04-14 10:45:05, EXEC, v:1, k:eval1@baruel, mode:FULL, rate:0, size:77
2026-04-14 10:45:33, EXEC, v:1, k:eval1@baruel, mode:FULL, rate:50, size:79
2026-04-14 10:46:11, EXEC, v:1, k:eval1@baruel, mode:FULL, rate:50, size:75
2026-04-14 10:46:54, EXEC, v:1, k:eval1@baruel, mode:FULL, rate:25, size:75
2026-04-14 10:47:18, EXEC, v:1, k:eval1@baruel, mode:FULL, rate:50, size:75
2026-04-14 10:48:21, EXEC, v:1, k:eval1@baruel, mode:FULL, size:74, fail:COMP
2026-04-14 10:48:27, MOVE, v:1, k:eval1@baruel, mode:EDIT
2026-04-14 10:48:27, MOVE, v:1, k:eval1@baruel, mode:EDIT
2026-04-14 10:48:33, EXEC, v:1, k:eval1@baruel, mode:FULL, rate:0, size:73
2026-04-14 10:48:41, EXEC, v:1, k:eval1@baruel, mode:FULL, rate:0, size:73
2026-04-14 10:49:20, EXEC, v:1, k:eval1@baruel, mode:FULL, rate:0, size:68
2026-04-14 10:50:10, EXEC, v:1, k:src@go, mode:FREE, size:68
2026-04-14 10:50:16, EXEC, v:1, k:src@go, mode:FREE
2026-04-14 10:50:46, EXEC, v:1, k:src@go, mode:FREE, size:69
2026-04-14 10:51:07, EXEC, v:1, k:src@go, mode:FREE, size:69
2026-04-14 10:51:13, EXEC, v:1, k:src@go, mode:FREE, size:69
2026-04-14 10:51:57, EXEC, v:1, k:src@go, mode:FREE, size:68
2026-04-14 10:52:01, EXEC, v:1, k:eval1@baruel, mode:FULL, rate:0, size:68
2026-04-14 10:52:25, EXEC, v:1, k:eval1@baruel, mode:FULL, rate:25, size:75
2026-04-14 10:52:24, MOVE, v:1, k:eval1@baruel, mode:EDIT
2026-04-14 10:52:24, MOVE, v:1, k:eval1@baruel, mode:EDIT
2026-04-14 10:54:33, EXEC, v:1, k:src@go, mode:FREE, size:78
2026-04-14 10:55:12, EXEC, v:1, k:eval1@baruel, mode:FULL, rate:0, size:77
2026-04-14 10:55:36, EXEC, v:1, k:eval1@baruel, mode:FULL, rate:25, size:74
2026-04-14 10:55:36, EXEC, v:1, k:eval1@baruel, mode:FULL, rate:25, size:74
2026-04-14 10:55:36, EXEC, v:1, k:eval1@baruel, mode:FULL, rate:25, size:74
2026-04-14 10:55:55, EXEC, v:1, k:src@go, mode:FREE, size:77
2026-04-14 10:56:34, EXEC, v:1, k:src@go, mode:FREE, size:78
2026-04-14 10:57:08, EXEC, v:1, k:src@go, mode:FREE, size:76
2026-04-14 10:57:30, EXEC, v:1, k:eval1@baruel, mode:FULL, rate:0, size:76
2026-04-14 10:57:40, EXEC, v:1, k:eval1@baruel, mode:FULL, rate:100, size:74
2026-04-14 10:57:43, EXEC, v:1, k:eval1@baruel, mode:FULL, rate:100
2026-04-14 10:57:44, MOVE, v:1, k:eval1@baruel, mode:BACK
2026-04-14 10:57:48, SELF, v:1, k:eval1@baruel, self:1, rate:100
2026-04-14 10:57:50, MOVE, v:1, k:eval1@apagando, mode:DOWN
2026-04-14 10:57:52, MOVE, v:1, k:eval1@apagando, mode:PICK
2026-04-14 10:57:37, MOVE, v:1, k:eval1@baruel, mode:EDIT
2026-04-14 10:57:37, MOVE, v:1, k:eval1@baruel, mode:EDIT
2026-04-14 10:57:50, MOVE, v:1, k:eval1@apagando, mode:EDIT
2026-04-14 10:57:50, MOVE, v:1, k:eval1@apagando, mode:EDIT
2026-04-14 10:58:26, MOVE, v:1, k:eval1@apagando, mode:EDIT
2026-04-14 10:58:26, MOVE, v:1, k:eval1@apagando, mode:EDIT
2026-04-14 11:03:24, MOVE, v:1, k:eval1@apagando, mode:EDIT
2026-04-14 11:03:24, MOVE, v:1, k:eval1@apagando, mode:EDIT
2026-04-14 11:06:57, EXEC, v:1, k:eval1@apagando, mode:FULL, rate:0, size:57
2026-04-14 11:08:14, EXEC, v:1, k:eval1@apagando, mode:FULL, rate:0, size:56
2026-04-14 11:08:12, MOVE, v:1, k:eval1@apagando, mode:EDIT
2026-04-14 11:08:12, MOVE, v:1, k:eval1@apagando, mode:EDIT
2026-04-14 11:09:31, EXEC, v:1, k:eval1@apagando, mode:FULL, rate:0, size:56
2026-04-14 11:09:55, EXEC, v:1, k:eval1@apagando, mode:FULL, rate:0, size:54
2026-04-14 11:10:12, EXEC, v:1, k:eval1@apagando, mode:FULL, rate:100, size:55
2026-04-14 11:10:15, EXEC, v:1, k:eval1@apagando, mode:FULL, rate:100
2026-04-14 11:10:15, MOVE, v:1, k:eval1@apagando, mode:BACK
2026-04-14 11:10:18, SELF, v:1, k:eval1@apagando, self:1, rate:100
2026-04-14 11:10:28, SELF, v:1, k:eval1@apagando, self:1, rate:100, study:10
2026-04-14 11:10:36, SELF, v:1, k:eval1@baruel, self:1, rate:100, study:40
2026-04-14 11:10:46, MOVE, v:1, k:eval1@casais, mode:DOWN
2026-04-14 11:10:48, MOVE, v:1, k:eval1@casais, mode:PICK
2026-04-14 11:11:15, MOVE, v:1, k:eval1@casais, mode:BACK
2026-04-14 11:11:27, MOVE, v:1, k:eval1@triangulo, mode:DOWN
2026-04-14 11:11:34, MOVE, v:1, k:eval1@triangulo, mode:PICK
2026-04-14 11:13:29, EXEC, v:1, k:eval1@triangulo, mode:FULL, rate:0, size:46
2026-04-14 11:10:11, MOVE, v:1, k:eval1@apagando, mode:EDIT
2026-04-14 11:10:11, MOVE, v:1, k:eval1@apagando, mode:EDIT
2026-04-14 11:10:46, MOVE, v:1, k:eval1@casais, mode:EDIT
2026-04-14 11:10:46, MOVE, v:1, k:eval1@casais, mode:EDIT
2026-04-14 11:10:46, MOVE, v:1, k:eval1@casais, mode:EDIT
2026-04-14 11:11:27, MOVE, v:1, k:eval1@triangulo, mode:EDIT
2026-04-14 11:11:27, MOVE, v:1, k:eval1@triangulo, mode:EDIT
2026-04-14 11:13:26, MOVE, v:1, k:eval1@triangulo, mode:EDIT
2026-04-14 11:13:26, MOVE, v:1, k:eval1@triangulo, mode:EDIT
2026-04-14 11:13:48, EXEC, v:1, k:eval1@triangulo, mode:FULL, rate:0, size:49
2026-04-14 11:16:01, EXEC, v:1, k:eval1@triangulo, mode:FULL, rate:0, size:49
2026-04-14 11:16:21, EXEC, v:1, k:eval1@triangulo, mode:FULL, rate:0, size:49
2026-04-14 11:16:59, EXEC, v:1, k:eval1@triangulo, mode:FULL, rate:0, size:49
2026-04-14 11:18:11, MOVE, v:1, k:eval1@triangulo, mode:EDIT
2026-04-14 11:18:11, MOVE, v:1, k:eval1@triangulo, mode:EDIT
2026-04-14 11:20:24, EXEC, v:1, k:eval1@triangulo, mode:FULL, rate:0, size:57
2026-04-14 11:20:30, EXEC, v:1, k:eval1@triangulo, mode:FULL, rate:0, size:57
2026-04-14 11:20:33, EXEC, v:1, k:eval1@triangulo, mode:FULL, rate:0
2026-04-14 11:20:44, EXEC, v:1, k:eval1@triangulo, mode:FULL, rate:0, size:57
2026-04-14 11:20:57, EXEC, v:1, k:eval1@triangulo, mode:FULL, rate:0, size:57
2026-04-14 11:23:17, EXEC, v:1, k:eval1@triangulo, mode:FULL, rate:0, size:57
2026-04-14 11:23:16, MOVE, v:1, k:eval1@triangulo, mode:EDIT
2026-04-14 11:23:16, MOVE, v:1, k:eval1@triangulo, mode:EDIT
2026-04-14 11:23:40, EXEC, v:1, k:eval1@triangulo, mode:FULL, rate:0, size:57
2026-04-14 11:24:25, EXEC, v:1, k:eval1@triangulo, mode:FULL, rate:0, size:59
2026-04-14 11:24:38, EXEC, v:1, k:eval1@triangulo, mode:FULL, rate:0, size:59
2026-04-14 11:24:47, EXEC, v:1, k:eval1@triangulo, mode:FULL, rate:0, size:59
2026-04-14 11:26:28, MOVE, v:1, k:eval1@triangulo, mode:BACK
2026-04-14 11:26:29, MOVE, v:1, k:eval1@queimada, mode:DOWN
2026-04-14 11:26:32, MOVE, v:1, k:eval1@queimada, mode:PICK
2026-04-14 11:26:33, EXEC, v:1, k:eval1@queimada, mode:FULL, rate:14, size:38
2026-04-14 11:25:21, MOVE, v:1, k:eval1@triangulo, mode:EDIT
2026-04-14 11:25:21, MOVE, v:1, k:eval1@triangulo, mode:EDIT
2026-04-14 11:26:29, MOVE, v:1, k:eval1@queimada, mode:EDIT
2026-04-14 11:26:29, MOVE, v:1, k:eval1@queimada, mode:EDIT
2026-04-14 11:27:42, MOVE, v:1, k:eval1@queimada, mode:EDIT
2026-04-14 11:27:42, MOVE, v:1, k:eval1@queimada, mode:EDIT
2026-04-14 11:30:17, EXEC, v:1, k:eval1@queimada, mode:FULL, rate:0, size:47
2026-04-14 11:30:26, EXEC, v:1, k:eval1@queimada, mode:FULL, rate:0, size:47
2026-04-14 11:31:04, EXEC, v:1, k:eval1@queimada, mode:FULL, rate:100, size:48
2026-04-14 11:31:13, MOVE, v:1, k:eval1@queimada, mode:BACK
2026-04-14 11:31:20, SELF, v:1, k:eval1@queimada, self:1, rate:100, study:6
