2026-03-17 10:50:58, MOVE, v:1, k:ed@pintando, mode:PICK
2026-03-17 10:50:59, EXEC, v:1, k:ed@pintando, mode:FULL, rate:100, size:15
2026-03-17 10:51:00, MOVE, v:1, k:ed@pintando, mode:BACK
2026-03-17 10:52:10, SELF, v:1, k:ed@mumia, self:1, study:20
2026-03-17 10:52:26, SELF, v:1, k:ed@pintando, self:1, rate:100, study:10
2026-03-17 10:52:48, SELF, v:1, k:ed@mumia, self:1, study:20
2026-03-17 10:52:49, MOVE, v:1, k:ed@mumia, mode:PICK
2026-03-17 10:52:50, EXEC, v:1, k:ed@mumia, mode:FULL, rate:100, size:26
2026-03-17 10:52:50, MOVE, v:1, k:ed@mumia, mode:BACK
2026-03-17 10:53:02, SELF, v:1, k:ed@fuga, self:1, study:40
2026-03-17 10:53:04, MOVE, v:1, k:ed@pedra, mode:PICK
2026-03-17 10:53:06, MOVE, v:1, k:ed@pedra, mode:BACK
2026-03-17 10:53:17, SELF, v:1, k:ed@pedra, self:1, study:40
2026-03-17 10:53:18, MOVE, v:1, k:ed@pedra, mode:PICK
2026-03-17 10:53:19, EXEC, v:1, k:ed@pedra, mode:FULL, rate:100, size:42
2026-03-17 10:53:20, MOVE, v:1, k:ed@pedra, mode:BACK
2026-03-17 10:53:21, MOVE, v:1, k:ed@fuga, mode:PICK
2026-03-17 10:53:21, EXEC, v:1, k:ed@fuga, mode:FULL, rate:100, size:48
2026-03-17 10:53:22, MOVE, v:1, k:ed@fuga, mode:BACK
2026-03-17 10:54:01, MOVE, v:1, k:ed@casais, mode:PICK
2026-03-17 10:54:02, EXEC, v:1, k:ed@casais, mode:FULL, rate:50, size:27
2026-03-17 10:57:51, MOVE, v:1, k:ed@casais, mode:BACK
2026-03-17 10:58:31, MOVE, v:1, k:ed@casais, mode:PICK
2026-03-17 11:00:45, MOVE, v:1, k:ed@casais, mode:BACK
