2026-04-02 15:50:17, MOVE, v:1, k:ed@queimada, mode:PICK
2026-04-02 15:50:18, EXEC, v:1, k:ed@queimada, mode:FULL, rate:0, size:39
2026-04-02 15:50:55, EXEC, v:1, k:ed@queimada, mode:FULL, rate:0, size:40
2026-04-02 15:51:24, EXEC, v:1, k:ed@queimada, mode:FULL, rate:0, size:39
2026-04-02 15:54:16, EXEC, v:1, k:ed@queimada, mode:FULL, rate:0, size:47
2026-04-02 15:54:18, EXEC, v:1, k:ed@queimada, mode:FULL, rate:0
2026-04-02 15:55:53, EXEC, v:1, k:ed@queimada, mode:FULL, rate:0, size:47
2026-04-02 15:56:48, EXEC, v:1, k:ed@queimada, mode:FULL, rate:14, size:43
2026-04-02 15:56:58, EXEC, v:1, k:ed@queimada, mode:FULL, rate:0, size:44
2026-04-02 15:57:19, EXEC, v:1, k:ed@queimada, mode:FULL, rate:0, size:45
2026-04-02 15:57:57, EXEC, v:1, k:ed@queimada, mode:FULL, rate:0, size:48
2026-04-02 15:58:31, EXEC, v:1, k:ed@queimada, mode:FULL, rate:0, size:49
2026-04-02 15:58:44, EXEC, v:1, k:ed@queimada, mode:FULL, rate:0, size:48
2026-04-02 15:59:02, EXEC, v:1, k:ed@queimada, mode:FULL, rate:0, size:49
2026-04-02 15:59:26, EXEC, v:1, k:ed@queimada, mode:FULL, rate:0, size:49
2026-04-02 16:00:20, EXEC, v:1, k:ed@queimada, mode:FULL, rate:0, size:50
2026-04-02 16:00:35, EXEC, v:1, k:ed@queimada, mode:FULL, rate:0, size:50
2026-04-02 16:00:59, EXEC, v:1, k:ed@queimada, mode:FULL, rate:0, size:49
2026-04-02 16:01:26, EXEC, v:1, k:ed@queimada, mode:FULL, rate:0, size:49
2026-04-02 16:01:49, EXEC, v:1, k:ed@queimada, mode:FULL, rate:0, size:49
2026-04-02 16:02:10, EXEC, v:1, k:ed@queimada, mode:FULL, rate:0, size:49
2026-04-02 16:02:48, EXEC, v:1, k:ed@queimada, mode:FULL, rate:0, size:50
2026-04-02 16:02:53, EXEC, v:1, k:ed@queimada, mode:FULL, rate:0
2026-04-02 16:02:56, EXEC, v:1, k:ed@queimada, mode:FULL, rate:0
2026-04-02 16:03:41, EXEC, v:1, k:ed@queimada, mode:FULL, rate:0, size:50
2026-04-02 16:22:38, EXEC, v:1, k:ed@queimada, mode:FULL, rate:0, size:49
2026-04-02 16:22:49, EXEC, v:1, k:ed@queimada, mode:FULL, rate:0, size:50
2026-04-02 16:23:00, EXEC, v:1, k:ed@queimada, mode:FULL, rate:0, size:51
2026-04-02 16:23:15, EXEC, v:1, k:ed@queimada, mode:FULL, rate:0, size:50
2026-04-02 16:23:51, EXEC, v:1, k:ed@queimada, mode:FULL, rate:14, size:47
2026-04-02 16:23:55, EXEC, v:1, k:ed@queimada, mode:FULL, rate:0, size:48
2026-04-02 16:24:25, EXEC, v:1, k:ed@queimada, mode:FULL, rate:0, size:49
2026-04-02 16:24:40, EXEC, v:1, k:ed@queimada, mode:FULL, rate:0, size:49
2026-04-02 16:25:16, EXEC, v:1, k:ed@queimada, mode:FULL, rate:0, size:51
2026-04-02 16:26:49, EXEC, v:1, k:ed@queimada, mode:FULL, rate:0, size:52
2026-04-02 16:27:31, EXEC, v:1, k:ed@queimada, mode:FULL, rate:0, size:50
2026-04-02 16:27:51, EXEC, v:1, k:ed@queimada, mode:FULL, rate:0, size:51
2026-04-02 16:28:11, EXEC, v:1, k:ed@queimada, mode:FULL, rate:0, size:51
2026-04-02 16:37:24, EXEC, v:1, k:ed@queimada, mode:FULL, rate:0, size:51
2026-04-02 16:37:37, EXEC, v:1, k:ed@queimada, mode:FULL, rate:0, size:50
2026-04-02 16:40:46, EXEC, v:1, k:ed@queimada, mode:FULL, rate:0, size:57
2026-04-02 16:40:59, EXEC, v:1, k:ed@queimada, mode:FULL, rate:14, size:49
2026-04-02 17:22:54, EXEC, v:1, k:ed@queimada, mode:FULL, rate:0, size:50
2026-04-02 17:23:55, EXEC, v:1, k:ed@queimada, mode:FULL, rate:0, size:55
2026-04-02 17:24:34, MOVE, v:1, k:ed@queimada, mode:PICK
2026-04-02 17:24:36, EXEC, v:1, k:ed@queimada, mode:FULL, rate:0
2026-04-02 17:24:49, EXEC, v:1, k:ed@queimada, mode:FULL, rate:14, size:49
2026-04-02 17:28:28, EXEC, v:1, k:ed@queimada, mode:FULL, rate:28, size:50
2026-04-02 17:29:38, EXEC, v:1, k:ed@queimada, mode:FULL, rate:0, size:51
2026-04-02 17:29:55, EXEC, v:1, k:ed@queimada, mode:FULL, rate:14, size:51
2026-04-02 17:38:40, EXEC, v:1, k:ed@queimada, mode:FULL, rate:0, size:52
2026-04-02 17:38:50, EXEC, v:1, k:ed@queimada, mode:FULL, rate:0
2026-04-02 17:44:14, EXEC, v:1, k:ed@queimada, mode:FULL, rate:0, size:53
2026-04-02 17:44:20, EXEC, v:1, k:ed@queimada, mode:FULL, rate:0
2026-04-02 17:44:23, EXEC, v:1, k:ed@queimada, mode:FULL, rate:100, size:52
2026-04-02 17:48:40, EXEC, v:1, k:ed@queimada, mode:FULL, rate:100
2026-04-02 17:48:41, MOVE, v:1, k:ed@queimada, mode:BACK
2026-04-02 17:49:06, SELF, v:1, k:ed@queimada, self:1, rate:100, study:70
2026-04-02 17:51:39, MOVE, v:1, k:ed@mdc, mode:PICK
2026-04-02 17:51:41, MOVE, v:1, k:ed@mdc, mode:BACK
2026-04-02 17:53:01, MOVE, v:1, k:ed@labirinto, mode:DOWN
2026-04-02 17:53:05, MOVE, v:1, k:ed@labirinto, mode:PICK
2026-04-02 17:53:20, EXEC, v:1, k:ed@labirinto, mode:FULL, size:46, fail:COMP
2026-04-02 17:53:22, EXEC, v:1, k:ed@labirinto, mode:FULL, fail:COMP
2026-04-02 17:53:24, MOVE, v:1, k:ed@labirinto, mode:BACK
2026-04-02 17:53:25, MOVE, v:1, k:ed@labirinto, mode:PICK
2026-04-02 17:53:33, MOVE, v:1, k:ed@labirinto, mode:BACK
2026-04-02 17:54:30, MOVE, v:1, k:ed@labirinto, mode:PICK
2026-04-02 17:55:26, MOVE, v:1, k:ed@labirinto, mode:PICK
2026-04-02 21:11:58, MOVE, v:1, k:ed@labirinto, mode:DOWN
2026-04-02 21:11:59, MOVE, v:1, k:ed@labirinto, mode:PICK
2026-04-02 21:21:03, MOVE, v:1, k:ed@labirinto, mode:BACK
2026-04-02 21:21:10, MOVE, v:1, k:ed@labirinto, mode:DOWN
2026-04-02 21:21:13, MOVE, v:1, k:ed@labirinto, mode:PICK
2026-04-02 21:21:15, MOVE, v:1, k:ed@labirinto, mode:BACK
2026-04-02 21:22:10, MOVE, v:1, k:ed@labirinto, mode:DOWN
2026-04-02 21:24:21, MOVE, v:1, k:ed@eh_primo, mode:DOWN
2026-04-02 21:42:25, MOVE, v:1, k:ed@eh_primo, mode:PICK
2026-04-02 21:42:28, EXEC, v:1, k:ed@eh_primo, mode:FULL, rate:0, size:30
2026-04-02 21:42:42, MOVE, v:1, k:ed@eh_primo, mode:BACK
2026-04-02 21:42:44, MOVE, v:1, k:ed@eh_primo, mode:PICK
2026-04-02 21:46:15, EXEC, v:1, k:ed@eh_primo, mode:FULL, rate:0, size:30
2026-04-02 21:47:36, EXEC, v:1, k:ed@eh_primo, mode:FULL, rate:100, size:33
2026-04-02 21:47:38, MOVE, v:1, k:ed@eh_primo, mode:BACK
2026-04-02 21:47:53, SELF, v:1, k:ed@eh_primo, self:1, rate:100, study:6
2026-04-02 21:49:18, MOVE, v:1, k:ed@vetequals, mode:DOWN
2026-04-02 21:49:20, MOVE, v:1, k:ed@vetequals, mode:PICK
2026-04-02 22:10:19, EXEC, v:1, k:ed@vetequals, mode:FULL, rate:100, size:61
2026-04-02 22:10:22, MOVE, v:1, k:ed@vetequals, mode:BACK
2026-04-02 22:10:35, SELF, v:1, k:ed@vetequals, self:1, rate:100, study:6
